Flutter crash report.
Please report a bug at https://github.com/flutter/flutter/issues.

## command

flutter run

## exception

NoSuchMethodError: NoSuchMethodError: The getter 'assetPathsToEvict' was called on null.
Receiver: null
Tried calling: assetPathsToEvict

```
#0      Object.noSuchMethod (dart:core-patch/object_patch.dart:38:5)
#1      HotRunner._resetDirtyAssets (package:flutter_tools/src/run_hot.dart:510:20)
#2      HotRunner._restartFromSources (package:flutter_tools/src/run_hot.dart:578:5)
<asynchronous suspension>
#3      HotRunner._fullRestartHelper (package:flutter_tools/src/run_hot.dart:760:16)
<asynchronous suspension>
#4      HotRunner.restart (package:flutter_tools/src/run_hot.dart:707:38)
<asynchronous suspension>
#5      TerminalHandler._commonTerminalInputHandler (package:flutter_tools/src/resident_runner.dart:1640:40)
<asynchronous suspension>
#6      TerminalHandler.processTerminalInput (package:flutter_tools/src/resident_runner.dart:1680:7)
<asynchronous suspension>
```

## flutter doctor

```
[✓] Flutter (Channel stable, 2.10.5, on Microsoft Windows [Version 10.0.19044.1826], locale en-ID)
    • Flutter version 2.10.5 at D:\System\flutter
    • Upstream repository https://github.com/flutter/flutter.git
    • Framework revision 5464c5bac7 (3 months ago), 2022-04-18 09:55:37 -0700
    • Engine revision 57d3bac3dd
    • Dart version 2.16.2
    • DevTools version 2.9.2

[✓] Android toolchain - develop for Android devices (Android SDK version 33.0.0)
    • Android SDK at C:\Users\parat\AppData\Local\Android\sdk
    • Platform android-33, build-tools 33.0.0
    • Java binary at: C:\Program Files\Android\Android Studio\jre\bin\java
    • Java version OpenJDK Runtime Environment (build 11.0.12+7-b1504.28-7817840)
    • All Android licenses accepted.

[✗] Chrome - develop for the web (Cannot find Chrome executable at .\Google\Chrome\Application\chrome.exe)
    ! Cannot find Chrome. Try setting CHROME_EXECUTABLE to a Chrome executable.

[!] Visual Studio - develop for Windows (Visual Studio Build Tools 2019 16.11.17)
    • Visual Studio at C:\Program Files (x86)\Microsoft Visual Studio\2019\BuildTools
    • Visual Studio Build Tools 2019 version 16.11.32630.194
    • Windows 10 SDK version 10.0.19041.0
    ✗ The current Visual Studio installation is incomplete. Please reinstall Visual Studio.

[✓] Android Studio (version 2021.2)
    • Android Studio at C:\Program Files\Android\Android Studio
    • Flutter plugin can be installed from:
      🔨 https://plugins.jetbrains.com/plugin/9212-flutter
    • Dart plugin can be installed from:
      🔨 https://plugins.jetbrains.com/plugin/6351-dart
    • Java version OpenJDK Runtime Environment (build 11.0.12+7-b1504.28-7817840)

[✓] VS Code (version 1.69.2)
    • VS Code at C:\Users\parat\AppData\Local\Programs\Microsoft VS Code
    • Flutter extension version 3.44.0

[✓] Connected device (3 available)
    • POCOPHONE F1 (mobile) • 5d0c32fa • android-arm64  • Android 10 (API 29)
    • Windows (desktop)     • windows  • windows-x64    • Microsoft Windows [Version 10.0.19044.1826]
    • Edge (web)            • edge     • web-javascript • Microsoft Edge 103.0.1264.71

[!] HTTP Host Availability
    ✗ HTTP host https://maven.google.com/ is not reachable. Reason: An error occurred while checking the HTTP
      host: Failed host lookup: 'maven.google.com'
    ✗ HTTP host https://pub.dev/ is not reachable. Reason: An error occurred while checking the HTTP host:
      Failed host lookup: 'pub.dev'
    ✗ HTTP host https://cloud.google.com/ is not reachable. Reason: An error occurred while checking the HTTP
      host: Failed host lookup: 'cloud.google.com'

! Doctor found issues in 3 categories.
```
